<html>
<body>
<pre>
<h1>µVision Build Log</h1>
<h2>Project:</h2>
C:\Users\Tilen\Google Drive\JAVNO\ELEKTRONIKA\ARM\STM32F429\majerle.eu\06-STM32F429_ADC\MDK-ARM\project.uvproj
Project File Date:  04/28/2014

<h2>Output:</h2>
Build target 'STM32F429 ZI'
compiling system_stm32f4xx.c...
compiling misc.c...
compiling stm32f4xx_rcc.c...
compiling stm32f4xx_gpio.c...
compiling stm32f4xx_usart.c...
compiling stm32f4xx_spi.c...
compiling stm32f4xx_adc.c...
compiling tm_stm32f4_adc.c...
compiling tm_stm32f4_delay.c...
compiling tm_stm32f4_usart.c...
compiling main.c...
compiling stm32f4xx_it.c...
linking...
Program Size: Code=7712 RO-data=460 RW-data=48 ZI-data=1936  
FromELF: creating hex file...
".\project.axf" - 0 Error(s), 0 Warning(s).
</pre>
</body>
</html>
M_UART5_HARDWARE_FLOW_CONTROL;
..\..\00-STM32F429_LIBRARIES\tm_stm32f4_usart.c(91): error:  #20: identifier "TM_UART5_MODE" is undefined
                USART_InitStruct.USART_Mode = TM_UART5_MODE;
..\..\00-STM32F429_LIBRARIES\tm_stm32f4_usart.c(92): error:  #20: identifier "TM_UART5_PARITY" is undefined
                USART_InitStruct.USART_Parity = TM_UART5_PARITY;
..\..\00-STM32F429_LIBRARIES\tm_stm32f4_usart.c(93): error:  #20: identifier "TM_UART5_STOP_BITS" is undefined
                USART_InitStruct.USART_StopBits = TM_UART5_STOP_BITS;
..\..\00-STM32F429_LIBRARIES\tm_stm32f4_usart.c(94): error:  #20: identifier "TM_UART5_WORD_LENGTH" is undefined
                USART_InitStruct.USART_WordLength = TM_UART5_WORD_LENGTH;
..\..\00-STM32F429_LIBRARIES\tm_stm32f4_usart.c(102): error:  #20: identifier "TM_USART6_HARDWARE_FLOW_CONTROL" is undefined
                USART_InitStruct.USART_HardwareFlowControl = TM_USART6_HARDWARE_FLOW_CONTROL;
..\..\00-STM32F429_LIBRARIES\tm_stm32f4_usart.c(103): error:  #20: identifier "TM_USART6_MODE" is undefined
                USART_InitStruct.USART_Mode = TM_USART6_MODE;
..\..\00-STM32F429_LIBRARIES\tm_stm32f4_usart.c(104): error:  #20: identifier "TM_USART6_PARITY" is undefined
                USART_InitStruct.USART_Parity = TM_USART6_PARITY;
..\..\00-STM32F429_LIBRARIES\tm_stm32f4_usart.c(105): error:  #20: identifier "TM_USART6_STOP_BITS" is undefined
                USART_InitStruct.USART_StopBits = TM_USART6_STOP_BITS;
..\..\00-STM32F429_LIBRARIES\tm_stm32f4_usart.c(106): error:  #20: identifier "TM_USART6_WORD_LENGTH" is undefined
                USART_InitStruct.USART_WordLength = TM_USART6_WORD_LENGTH;
..\..\00-STM32F429_LIBRARIES\tm_stm32f4_usart.c: 0 warnings, 10 errors
compiling main.c...
compiling stm32f4xx_it.c...
".\project.axf" - 10 Error(s), 0 Warning(s).
Target not created
